<<<<<<< HEAD
[2019-01-22 22:29:48][4] Processing: Datakraf\Notifications\ApplyLeave
[2019-01-22 22:29:48][6] Processing: Datakraf\Notifications\ApplyLeave
[2019-01-22 22:29:48][5] Processing: Datakraf\Notifications\ApplyLeave
[2019-01-22 22:29:48][2] Processing: Datakraf\Notifications\ApplyLeave
[2019-01-22 22:29:48][3] Processing: Datakraf\Notifications\ApplyLeave
[2019-01-22 22:29:48][1] Processing: Datakraf\Notifications\ApplyLeave
[2019-01-22 22:29:49][7] Processing: Datakraf\Notifications\ApplyLeave
[2019-01-22 22:29:50][8] Processing: Datakraf\Notifications\ApplyLeave
[2019-01-28 11:46:19][9] Processing: Datakraf\Notifications\ApproveLeave
[2019-01-28 11:46:19][10] Processing: Datakraf\Notifications\ApproveLeave
[2019-01-28 11:48:16][12] Processing: Datakraf\Notifications\ApproveLeave
[2019-01-28 11:48:16][11] Processing: Datakraf\Notifications\ApproveLeave
[2019-01-28 12:09:25][20] Processing: Datakraf\Notifications\ApplyLeave
[2019-01-28 12:09:25][17] Processing: Datakraf\Notifications\ApplyLeave
[2019-01-28 12:09:25][16] Processing: Datakraf\Notifications\ApplyLeave
[2019-01-28 12:09:25][19] Processing: Datakraf\Notifications\ApplyLeave
[2019-01-28 12:09:25][15] Processing: Datakraf\Notifications\ApplyLeave
[2019-01-28 12:09:25][14] Processing: Datakraf\Notifications\ApplyLeave
[2019-01-28 12:09:25][18] Processing: Datakraf\Notifications\ApplyLeave
[2019-01-28 12:09:25][13] Processing: Datakraf\Notifications\ApplyLeave
[2019-01-28 14:51:44][23] Processing: Datakraf\Notifications\ApplyLeave
[2019-01-28 14:51:44][25] Processing: Datakraf\Notifications\ApplyLeave
[2019-01-28 14:51:44][21] Processing: Datakraf\Notifications\ApplyLeave
[2019-01-28 14:51:44][22] Processing: Datakraf\Notifications\ApplyLeave
[2019-01-28 14:51:44][24] Processing: Datakraf\Notifications\ApplyLeave
[2019-01-28 14:51:44][26] Processing: Datakraf\Notifications\ApplyLeave
[2019-01-28 14:51:44][27] Processing: Datakraf\Notifications\ApplyLeave
[2019-01-28 14:51:44][28] Processing: Datakraf\Notifications\ApplyLeave
[2019-01-29 00:09:32][30] Processing: Datakraf\Notifications\ApproveLeave
[2019-01-29 00:09:32][29] Processing: Datakraf\Notifications\ApproveLeave
[2019-01-29 00:10:20][31] Processing: Datakraf\Notifications\ApproveLeave
[2019-01-29 00:10:20][32] Processing: Datakraf\Notifications\ApproveLeave
[2019-01-30 16:16:32][33] Processing: Datakraf\Notifications\ApplyLeave
[2019-01-30 16:16:32][34] Processing: Datakraf\Notifications\ApplyLeave
[2019-01-30 16:16:35][35] Processing: Datakraf\Notifications\ApplyLeave
[2019-01-30 16:16:35][38] Processing: Datakraf\Notifications\ApplyLeave
[2019-01-30 16:16:35][36] Processing: Datakraf\Notifications\ApplyLeave
[2019-01-30 16:16:35][37] Processing: Datakraf\Notifications\ApplyLeave
[2019-01-30 16:16:35][39] Processing: Datakraf\Notifications\ApplyLeave
[2019-01-30 16:16:35][40] Processing: Datakraf\Notifications\ApplyLeave
[2019-01-31 09:31:17][48] Processing: Datakraf\Notifications\ApplyLeave
[2019-01-31 09:31:17][47] Processing: Datakraf\Notifications\ApplyLeave
[2019-01-31 09:31:17][45] Processing: Datakraf\Notifications\ApplyLeave
[2019-01-31 09:31:17][42] Processing: Datakraf\Notifications\ApplyLeave
[2019-01-31 09:31:17][43] Processing: Datakraf\Notifications\ApplyLeave
[2019-01-31 09:31:17][46] Processing: Datakraf\Notifications\ApplyLeave
[2019-01-31 09:31:17][41] Processing: Datakraf\Notifications\ApplyLeave
[2019-01-31 09:31:17][44] Processing: Datakraf\Notifications\ApplyLeave
[2019-01-31 09:54:24][49] Processing: Datakraf\Notifications\ApplyLeave
[2019-01-31 09:54:25][51] Processing: Datakraf\Notifications\ApplyLeave
[2019-01-31 09:54:25][50] Processing: Datakraf\Notifications\ApplyLeave
[2019-01-31 09:54:25][53] Processing: Datakraf\Notifications\ApplyLeave
[2019-01-31 09:54:25][52] Processing: Datakraf\Notifications\ApplyLeave
[2019-01-31 09:54:25][55] Processing: Datakraf\Notifications\ApplyLeave
[2019-01-31 09:54:25][54] Processing: Datakraf\Notifications\ApplyLeave
[2019-01-31 09:54:25][56] Processing: Datakraf\Notifications\ApplyLeave
[2019-01-31 12:14:17][60] Processing: Datakraf\Notifications\ApplyLeave
[2019-01-31 12:14:17][61] Processing: Datakraf\Notifications\ApplyLeave
[2019-01-31 12:14:17][59] Processing: Datakraf\Notifications\ApplyLeave
[2019-01-31 12:14:17][57] Processing: Datakraf\Notifications\ApplyLeave
[2019-01-31 12:14:17][58] Processing: Datakraf\Notifications\ApplyLeave
[2019-01-31 12:14:19][62] Processing: Datakraf\Notifications\ApplyLeave
[2019-01-31 12:14:19][63] Processing: Datakraf\Notifications\ApplyLeave
[2019-01-31 12:14:19][64] Processing: Datakraf\Notifications\ApplyLeave
[2019-01-31 12:16:18][65] Processing: Datakraf\Notifications\ApplyLeave
[2019-01-31 12:16:19][66] Processing: Datakraf\Notifications\ApplyLeave
[2019-01-31 12:16:20][69] Processing: Datakraf\Notifications\ApplyLeave
[2019-01-31 12:16:20][70] Processing: Datakraf\Notifications\ApplyLeave
[2019-01-31 12:16:20][68] Processing: Datakraf\Notifications\ApplyLeave
[2019-01-31 12:16:20][71] Processing: Datakraf\Notifications\ApplyLeave
[2019-01-31 12:16:20][67] Processing: Datakraf\Notifications\ApplyLeave
[2019-01-31 12:16:21][72] Processing: Datakraf\Notifications\ApplyLeave
[2019-01-31 12:17:22][77] Processing: Datakraf\Notifications\ApplyLeave
[2019-01-31 12:17:22][78] Processing: Datakraf\Notifications\ApplyLeave
[2019-01-31 12:17:22][73] Processing: Datakraf\Notifications\ApplyLeave
[2019-01-31 12:17:22][76] Processing: Datakraf\Notifications\ApplyLeave
[2019-01-31 12:17:22][75] Processing: Datakraf\Notifications\ApplyLeave
[2019-01-31 12:17:22][74] Processing: Datakraf\Notifications\ApplyLeave
[2019-01-31 12:17:23][79] Processing: Datakraf\Notifications\ApplyLeave
[2019-01-31 12:17:23][80] Processing: Datakraf\Notifications\ApplyLeave
[2019-01-31 12:21:40][81] Processing: Datakraf\Notifications\ApproveLeave
[2019-01-31 12:21:40][82] Processing: Datakraf\Notifications\ApproveLeave
[2019-01-31 12:22:07][83] Processing: Datakraf\Notifications\PayslipGeneratedNotification
[2019-01-31 12:22:08][84] Processing: Datakraf\Notifications\PayslipGeneratedNotification
[2019-01-31 12:22:28][85] Processing: Datakraf\Notifications\ApproveLeave
[2019-01-31 12:22:29][86] Processing: Datakraf\Notifications\ApproveLeave
[2019-01-31 12:23:00][87] Processing: Datakraf\Notifications\ApproveLeave
[2019-01-31 12:23:01][88] Processing: Datakraf\Notifications\ApproveLeave
[2019-01-31 13:31:49][90] Processing: Datakraf\Notifications\PayslipGeneratedNotification
[2019-01-31 13:31:49][89] Processing: Datakraf\Notifications\PayslipGeneratedNotification
[2019-01-31 13:32:11][91] Processing: Datakraf\Notifications\PayslipGeneratedNotification
[2019-01-31 13:32:11][92] Processing: Datakraf\Notifications\PayslipGeneratedNotification
[2019-01-31 13:35:05][93] Processing: Datakraf\Notifications\PayslipGeneratedNotification
[2019-01-31 13:35:06][94] Processing: Datakraf\Notifications\PayslipGeneratedNotification
[2019-01-31 13:36:24][95] Processing: Datakraf\Notifications\PayslipGeneratedNotification
[2019-01-31 13:36:24][96] Processing: Datakraf\Notifications\PayslipGeneratedNotification
[2019-01-31 13:38:12][97] Processing: Datakraf\Notifications\PayslipGeneratedNotification
[2019-01-31 13:38:12][98] Processing: Datakraf\Notifications\PayslipGeneratedNotification
[2019-01-31 13:38:59][99] Processing: Datakraf\Notifications\PayslipGeneratedNotification
[2019-01-31 13:39:00][100] Processing: Datakraf\Notifications\PayslipGeneratedNotification
[2019-01-31 13:39:36][101] Processing: Datakraf\Notifications\PayslipGeneratedNotification
[2019-01-31 13:39:36][102] Processing: Datakraf\Notifications\PayslipGeneratedNotification
[2019-01-31 13:40:25][103] Processing: Datakraf\Notifications\PayslipGeneratedNotification
[2019-01-31 13:40:27][104] Processing: Datakraf\Notifications\PayslipGeneratedNotification
[2019-01-31 13:40:54][105] Processing: Datakraf\Notifications\PayslipGeneratedNotification
[2019-01-31 13:40:54][106] Processing: Datakraf\Notifications\PayslipGeneratedNotification
[2019-01-31 13:41:24][107] Processing: Datakraf\Notifications\PayslipGeneratedNotification
[2019-01-31 13:41:24][108] Processing: Datakraf\Notifications\PayslipGeneratedNotification
[2019-01-31 13:42:28][109] Processing: Datakraf\Notifications\PayslipGeneratedNotification
[2019-01-31 13:42:30][110] Processing: Datakraf\Notifications\PayslipGeneratedNotification
[2019-01-31 13:42:56][111] Processing: Datakraf\Notifications\PayslipGeneratedNotification
[2019-01-31 13:42:56][112] Processing: Datakraf\Notifications\PayslipGeneratedNotification
[2019-01-31 13:43:43][113] Processing: Datakraf\Notifications\PayslipGeneratedNotification
[2019-01-31 13:43:44][114] Processing: Datakraf\Notifications\PayslipGeneratedNotification
[2019-01-31 13:46:50][115] Processing: Datakraf\Notifications\PayslipGeneratedNotification
[2019-01-31 13:46:50][116] Processing: Datakraf\Notifications\PayslipGeneratedNotification
[2019-01-31 13:49:39][117] Processing: Datakraf\Notifications\PayslipGeneratedNotification
[2019-01-31 13:49:41][118] Processing: Datakraf\Notifications\PayslipGeneratedNotification
[2019-01-31 13:58:31][119] Processing: Datakraf\Notifications\PayslipGeneratedNotification
[2019-01-31 13:58:31][120] Processing: Datakraf\Notifications\PayslipGeneratedNotification
[2019-01-31 14:01:04][121] Processing: Datakraf\Notifications\PayslipGeneratedNotification
[2019-01-31 14:01:04][122] Processing: Datakraf\Notifications\PayslipGeneratedNotification
[2019-01-31 22:58:10][124] Processing: Datakraf\Notifications\PayslipGeneratedNotification
[2019-01-31 22:58:10][123] Processing: Datakraf\Notifications\PayslipGeneratedNotification
[2019-02-01 02:55:51][125] Processing: Datakraf\Notifications\ApproveLeave
[2019-02-01 02:55:51][126] Processing: Datakraf\Notifications\ApproveLeave
[2019-02-01 16:58:41][128] Processing: Datakraf\Notifications\ApproveLeave
[2019-02-01 16:58:41][127] Processing: Datakraf\Notifications\ApproveLeave
[2019-02-01 17:00:39][129] Processing: Datakraf\Notifications\ApproveLeave
[2019-02-01 17:00:39][130] Processing: Datakraf\Notifications\ApproveLeave
[2019-02-01 17:01:20][131] Processing: Datakraf\Notifications\ApproveLeave
[2019-02-01 17:01:20][132] Processing: Datakraf\Notifications\ApproveLeave
[2019-02-06 13:41:17][133] Processing: Datakraf\Notifications\ApproveLeave
[2019-02-06 13:41:17][134] Processing: Datakraf\Notifications\ApproveLeave
[2019-02-17 16:42:59][135] Processing: Datakraf\Notifications\ApplyLeave
[2019-02-17 16:42:59][136] Processing: Datakraf\Notifications\ApplyLeave
[2019-02-17 16:42:59][137] Processing: Datakraf\Notifications\ApplyLeave
[2019-02-17 16:43:00][138] Processing: Datakraf\Notifications\ApplyLeave
[2019-02-17 16:43:00][140] Processing: Datakraf\Notifications\ApplyLeave
[2019-02-17 16:43:00][139] Processing: Datakraf\Notifications\ApplyLeave
[2019-02-17 16:43:00][141] Processing: Datakraf\Notifications\ApplyLeave
[2019-02-17 16:43:00][142] Processing: Datakraf\Notifications\ApplyLeave
[2019-02-17 16:44:41][143] Processing: Datakraf\Notifications\ApplyLeave
[2019-02-17 16:44:41][144] Processing: Datakraf\Notifications\ApplyLeave
[2019-02-17 16:44:41][145] Processing: Datakraf\Notifications\ApplyLeave
[2019-02-17 16:44:43][146] Processing: Datakraf\Notifications\ApplyLeave
[2019-02-17 16:44:43][147] Processing: Datakraf\Notifications\ApplyLeave
[2019-02-17 16:44:43][149] Processing: Datakraf\Notifications\ApplyLeave
[2019-02-17 16:44:43][150] Processing: Datakraf\Notifications\ApplyLeave
[2019-02-17 16:44:43][148] Processing: Datakraf\Notifications\ApplyLeave
[2019-02-17 16:47:35][151] Processing: Datakraf\Notifications\ApproveLeave
[2019-02-17 16:47:35][152] Processing: Datakraf\Notifications\ApproveLeave
[2019-02-17 16:48:12][153] Processing: Datakraf\Notifications\RejectLeave
[2019-02-17 16:48:12][154] Processing: Datakraf\Notifications\RejectLeave
=======
[2019-02-17 23:41:54][155] Processing: Datakraf\Notifications\ApplyLeave
[2019-02-17 23:41:54][156] Processing: Datakraf\Notifications\ApplyLeave
[2019-02-17 23:41:55][157] Processing: Datakraf\Notifications\ApplyLeave
[2019-02-17 23:41:55][160] Processing: Datakraf\Notifications\ApplyLeave
[2019-02-17 23:41:55][161] Processing: Datakraf\Notifications\ApplyLeave
[2019-02-17 23:41:55][159] Processing: Datakraf\Notifications\ApplyLeave
[2019-02-17 23:41:55][162] Processing: Datakraf\Notifications\ApplyLeave
[2019-02-17 23:41:55][158] Processing: Datakraf\Notifications\ApplyLeave
[2019-02-17 23:41:55][163] Processing: Datakraf\Notifications\ApplyLeave
[2019-02-17 23:41:55][164] Processing: Datakraf\Notifications\ApplyLeave
[2019-02-17 23:41:55][165] Processing: Datakraf\Notifications\ApplyLeave
[2019-02-17 23:41:55][166] Processing: Datakraf\Notifications\ApplyLeave
[2019-02-17 23:41:55][167] Processing: Datakraf\Notifications\ApplyLeave
[2019-02-17 23:41:55][168] Processing: Datakraf\Notifications\ApplyLeave
[2019-02-17 23:41:55][169] Processing: Datakraf\Notifications\ApplyLeave
[2019-02-17 23:41:55][167] Failed:     Datakraf\Notifications\ApplyLeave
[2019-02-17 23:41:55][169] Failed:     Datakraf\Notifications\ApplyLeave
[2019-02-17 23:41:55][168] Failed:     Datakraf\Notifications\ApplyLeave
[2019-02-17 23:41:55][170] Processing: Datakraf\Notifications\ApplyLeave
[2019-02-17 23:41:55][170] Failed:     Datakraf\Notifications\ApplyLeave
>>>>>>> bug/uzzair/leave-module
